140911 11:13:40 [Note] D:\Program Files (x86)\PHPnow-1.5.6\MySQL-5.0.90\bin\mysqld-nt.exe: ready for connections.
Version: '5.0.90-community-nt'  socket: ''  port: 3306  MySQL Community Edition (GPL)
140911 15:20:20 [Note] D:\Program Files (x86)\PHPnow-1.5.6\MySQL-5.0.90\bin\mysqld-nt.exe: Normal shutdown

140911 15:20:21 [Note] D:\Program Files (x86)\PHPnow-1.5.6\MySQL-5.0.90\bin\mysqld-nt.exe: Shutdown complete

140911 15:21:29 [Note] D:\Program Files (x86)\PHPnow-1.5.6\MySQL-5.0.90\bin\mysqld-nt.exe: ready for connections.
Version: '5.0.90-community-nt'  socket: ''  port: 3306  MySQL Community Edition (GPL)
140911 17:05:14 [Note] D:\Program Files (x86)\PHPnow-1.5.6\MySQL-5.0.90\bin\mysqld-nt.exe: Normal shutdown

140911 17:05:14 [Note] D:\Program Files (x86)\PHPnow-1.5.6\MySQL-5.0.90\bin\mysqld-nt.exe: Shutdown complete

140912  8:33:52 [Note] D:\Program Files (x86)\PHPnow-1.5.6\MySQL-5.0.90\bin\mysqld-nt.exe: ready for connections.
Version: '5.0.90-community-nt'  socket: ''  port: 3306  MySQL Community Edition (GPL)
140912 17:02:57 [Note] D:\Program Files (x86)\PHPnow-1.5.6\MySQL-5.0.90\bin\mysqld-nt.exe: Normal shutdown

140912 17:03:00 [Note] D:\Program Files (x86)\PHPnow-1.5.6\MySQL-5.0.90\bin\mysqld-nt.exe: Shutdown complete

140915 12:42:58 [Note] D:\Program Files (x86)\PHPnow-1.5.6\MySQL-5.0.90\bin\mysqld-nt.exe: ready for connections.
Version: '5.0.90-community-nt'  socket: ''  port: 3306  MySQL Community Edition (GPL)
140915 17:04:15 [Note] D:\Program Files (x86)\PHPnow-1.5.6\MySQL-5.0.90\bin\mysqld-nt.exe: Normal shutdown

140915 17:04:16 [Note] D:\Program Files (x86)\PHPnow-1.5.6\MySQL-5.0.90\bin\mysqld-nt.exe: Shutdown complete

140916  8:39:10 [Note] D:\Program Files (x86)\PHPnow-1.5.6\MySQL-5.0.90\bin\mysqld-nt.exe: ready for connections.
Version: '5.0.90-community-nt'  socket: ''  port: 3306  MySQL Community Edition (GPL)
140916  8:46:31 [Note] D:\Program Files (x86)\PHPnow-1.5.6\MySQL-5.0.90\bin\mysqld-nt.exe: Normal shutdown

140916  8:46:31 [Note] D:\Program Files (x86)\PHPnow-1.5.6\MySQL-5.0.90\bin\mysqld-nt.exe: Shutdown complete

140916 15:32:19 [Note] D:\Program Files (x86)\PHPnow-1.5.6\MySQL-5.0.90\bin\mysqld-nt.exe: ready for connections.
Version: '5.0.90-community-nt'  socket: ''  port: 3306  MySQL Community Edition (GPL)
140916 18:40:32 [Note] D:\Program Files (x86)\PHPnow-1.5.6\MySQL-5.0.90\bin\mysqld-nt.exe: Normal shutdown

140916 18:40:32 [Note] D:\Program Files (x86)\PHPnow-1.5.6\MySQL-5.0.90\bin\mysqld-nt.exe: Shutdown complete

140917  8:30:34 [Note] D:\Program Files (x86)\PHPnow-1.5.6\MySQL-5.0.90\bin\mysqld-nt.exe: ready for connections.
Version: '5.0.90-community-nt'  socket: ''  port: 3306  MySQL Community Edition (GPL)
140918  8:42:05 [Note] D:\Program Files (x86)\PHPnow-1.5.6\MySQL-5.0.90\bin\mysqld-nt.exe: ready for connections.
Version: '5.0.90-community-nt'  socket: ''  port: 3306  MySQL Community Edition (GPL)
140918 17:04:08 [Note] D:\Program Files (x86)\PHPnow-1.5.6\MySQL-5.0.90\bin\mysqld-nt.exe: Normal shutdown

140918 17:04:09 [Note] D:\Program Files (x86)\PHPnow-1.5.6\MySQL-5.0.90\bin\mysqld-nt.exe: Shutdown complete

140919  8:36:22 [Note] D:\Program Files (x86)\PHPnow-1.5.6\MySQL-5.0.90\bin\mysqld-nt.exe: ready for connections.
Version: '5.0.90-community-nt'  socket: ''  port: 3306  MySQL Community Edition (GPL)
140919 17:03:14 [Note] D:\Program Files (x86)\PHPnow-1.5.6\MySQL-5.0.90\bin\mysqld-nt.exe: Normal shutdown

140919 17:03:14 [Note] D:\Program Files (x86)\PHPnow-1.5.6\MySQL-5.0.90\bin\mysqld-nt.exe: Shutdown complete

140922  8:34:10 [Note] D:\Program Files (x86)\PHPnow-1.5.6\MySQL-5.0.90\bin\mysqld-nt.exe: ready for connections.
Version: '5.0.90-community-nt'  socket: ''  port: 3306  MySQL Community Edition (GPL)
140922 17:03:31 [Note] D:\Program Files (x86)\PHPnow-1.5.6\MySQL-5.0.90\bin\mysqld-nt.exe: Normal shutdown

140922 17:03:31 [Note] D:\Program Files (x86)\PHPnow-1.5.6\MySQL-5.0.90\bin\mysqld-nt.exe: Shutdown complete

140923  8:38:34 [Note] D:\Program Files (x86)\PHPnow-1.5.6\MySQL-5.0.90\bin\mysqld-nt.exe: ready for connections.
Version: '5.0.90-community-nt'  socket: ''  port: 3306  MySQL Community Edition (GPL)
140923 13:33:59 [Note] D:\Program Files (x86)\PHPnow-1.5.6\MySQL-5.0.90\bin\mysqld-nt.exe: Normal shutdown

140923 13:34:00 [Note] D:\Program Files (x86)\PHPnow-1.5.6\MySQL-5.0.90\bin\mysqld-nt.exe: Shutdown complete

140923 13:40:59 [Note] D:\Program Files (x86)\PHPnow-1.5.6\MySQL-5.0.90\bin\mysqld-nt.exe: ready for connections.
Version: '5.0.90-community-nt'  socket: ''  port: 3306  MySQL Community Edition (GPL)
140923 17:05:19 [Note] D:\Program Files (x86)\PHPnow-1.5.6\MySQL-5.0.90\bin\mysqld-nt.exe: Normal shutdown

140923 17:05:19 [Note] D:\Program Files (x86)\PHPnow-1.5.6\MySQL-5.0.90\bin\mysqld-nt.exe: Shutdown complete

140924  8:32:58 [Note] D:\Program Files (x86)\PHPnow-1.5.6\MySQL-5.0.90\bin\mysqld-nt.exe: ready for connections.
Version: '5.0.90-community-nt'  socket: ''  port: 3306  MySQL Community Edition (GPL)
140924 17:02:47 [Note] D:\Program Files (x86)\PHPnow-1.5.6\MySQL-5.0.90\bin\mysqld-nt.exe: Normal shutdown

140924 17:02:48 [Note] D:\Program Files (x86)\PHPnow-1.5.6\MySQL-5.0.90\bin\mysqld-nt.exe: Shutdown complete

140925  8:30:43 [Note] D:\Program Files (x86)\PHPnow-1.5.6\MySQL-5.0.90\bin\mysqld-nt.exe: ready for connections.
Version: '5.0.90-community-nt'  socket: ''  port: 3306  MySQL Community Edition (GPL)
140925 18:32:31 [Note] D:\Program Files (x86)\PHPnow-1.5.6\MySQL-5.0.90\bin\mysqld-nt.exe: Normal shutdown

140925 18:32:33 [Note] D:\Program Files (x86)\PHPnow-1.5.6\MySQL-5.0.90\bin\mysqld-nt.exe: Shutdown complete

140926  8:32:40 [Note] D:\Program Files (x86)\PHPnow-1.5.6\MySQL-5.0.90\bin\mysqld-nt.exe: ready for connections.
Version: '5.0.90-community-nt'  socket: ''  port: 3306  MySQL Community Edition (GPL)
140926 17:03:15 [Note] D:\Program Files (x86)\PHPnow-1.5.6\MySQL-5.0.90\bin\mysqld-nt.exe: Normal shutdown

140926 17:03:16 [Note] D:\Program Files (x86)\PHPnow-1.5.6\MySQL-5.0.90\bin\mysqld-nt.exe: Shutdown complete

140928  8:36:05 [Note] D:\Program Files (x86)\PHPnow-1.5.6\MySQL-5.0.90\bin\mysqld-nt.exe: ready for connections.
Version: '5.0.90-community-nt'  socket: ''  port: 3306  MySQL Community Edition (GPL)
140928  9:45:59 [Note] D:\Program Files (x86)\PHPnow-1.5.6\MySQL-5.0.90\bin\mysqld-nt.exe: Normal shutdown

140928  9:46:00 [Note] D:\Program Files (x86)\PHPnow-1.5.6\MySQL-5.0.90\bin\mysqld-nt.exe: Shutdown complete

140928  9:47:18 [Note] D:\Program Files (x86)\PHPnow-1.5.6\MySQL-5.0.90\bin\mysqld-nt.exe: ready for connections.
Version: '5.0.90-community-nt'  socket: ''  port: 3306  MySQL Community Edition (GPL)
140928 12:12:54 [Note] D:\Program Files (x86)\PHPnow-1.5.6\MySQL-5.0.90\bin\mysqld-nt.exe: Normal shutdown

140928 12:12:54 [Note] D:\Program Files (x86)\PHPnow-1.5.6\MySQL-5.0.90\bin\mysqld-nt.exe: Shutdown complete

140928 12:14:33 [Note] D:\Program Files (x86)\PHPnow-1.5.6\MySQL-5.0.90\bin\mysqld-nt.exe: ready for connections.
Version: '5.0.90-community-nt'  socket: ''  port: 3306  MySQL Community Edition (GPL)
140928 15:19:22 [Note] D:\Program Files (x86)\PHPnow-1.5.6\MySQL-5.0.90\bin\mysqld-nt.exe: Normal shutdown

140928 15:19:23 [Note] D:\Program Files (x86)\PHPnow-1.5.6\MySQL-5.0.90\bin\mysqld-nt.exe: Shutdown complete

140928 15:20:46 [Note] D:\Program Files (x86)\PHPnow-1.5.6\MySQL-5.0.90\bin\mysqld-nt.exe: ready for connections.
Version: '5.0.90-community-nt'  socket: ''  port: 3306  MySQL Community Edition (GPL)
140928 17:03:50 [Note] D:\Program Files (x86)\PHPnow-1.5.6\MySQL-5.0.90\bin\mysqld-nt.exe: Normal shutdown

140928 17:03:51 [Note] D:\Program Files (x86)\PHPnow-1.5.6\MySQL-5.0.90\bin\mysqld-nt.exe: Shutdown complete

140929  8:30:44 [Note] D:\Program Files (x86)\PHPnow-1.5.6\MySQL-5.0.90\bin\mysqld-nt.exe: ready for connections.
Version: '5.0.90-community-nt'  socket: ''  port: 3306  MySQL Community Edition (GPL)
140929 17:01:07 [Note] D:\Program Files (x86)\PHPnow-1.5.6\MySQL-5.0.90\bin\mysqld-nt.exe: Normal shutdown

140929 17:01:08 [Note] D:\Program Files (x86)\PHPnow-1.5.6\MySQL-5.0.90\bin\mysqld-nt.exe: Shutdown complete

140930  8:33:58 [Note] D:\Program Files (x86)\PHPnow-1.5.6\MySQL-5.0.90\bin\mysqld-nt.exe: ready for connections.
Version: '5.0.90-community-nt'  socket: ''  port: 3306  MySQL Community Edition (GPL)
140930 16:54:46 [Note] D:\Program Files (x86)\PHPnow-1.5.6\MySQL-5.0.90\bin\mysqld-nt.exe: Normal shutdown

140930 16:54:47 [Note] D:\Program Files (x86)\PHPnow-1.5.6\MySQL-5.0.90\bin\mysqld-nt.exe: Shutdown complete

141008  8:32:22 [Note] D:\Program Files (x86)\PHPnow-1.5.6\MySQL-5.0.90\bin\mysqld-nt.exe: ready for connections.
Version: '5.0.90-community-nt'  socket: ''  port: 3306  MySQL Community Edition (GPL)
141008 17:03:07 [Note] D:\Program Files (x86)\PHPnow-1.5.6\MySQL-5.0.90\bin\mysqld-nt.exe: Normal shutdown

141008 17:03:09 [Note] D:\Program Files (x86)\PHPnow-1.5.6\MySQL-5.0.90\bin\mysqld-nt.exe: Shutdown complete

141009  8:36:02 [Note] D:\Program Files (x86)\PHPnow-1.5.6\MySQL-5.0.90\bin\mysqld-nt.exe: ready for connections.
Version: '5.0.90-community-nt'  socket: ''  port: 3306  MySQL Community Edition (GPL)
141009 17:04:00 [Note] D:\Program Files (x86)\PHPnow-1.5.6\MySQL-5.0.90\bin\mysqld-nt.exe: Normal shutdown

141009 17:04:01 [Note] D:\Program Files (x86)\PHPnow-1.5.6\MySQL-5.0.90\bin\mysqld-nt.exe: Shutdown complete

141010  8:30:26 [Note] D:\Program Files (x86)\PHPnow-1.5.6\MySQL-5.0.90\bin\mysqld-nt.exe: ready for connections.
Version: '5.0.90-community-nt'  socket: ''  port: 3306  MySQL Community Edition (GPL)
141010 17:03:22 [Note] D:\Program Files (x86)\PHPnow-1.5.6\MySQL-5.0.90\bin\mysqld-nt.exe: Normal shutdown

141010 17:03:24 [Note] D:\Program Files (x86)\PHPnow-1.5.6\MySQL-5.0.90\bin\mysqld-nt.exe: Shutdown complete

141011  8:31:48 [Note] D:\Program Files (x86)\PHPnow-1.5.6\MySQL-5.0.90\bin\mysqld-nt.exe: ready for connections.
Version: '5.0.90-community-nt'  socket: ''  port: 3306  MySQL Community Edition (GPL)
141011 17:03:54 [Note] D:\Program Files (x86)\PHPnow-1.5.6\MySQL-5.0.90\bin\mysqld-nt.exe: Normal shutdown

141011 17:03:55 [Note] D:\Program Files (x86)\PHPnow-1.5.6\MySQL-5.0.90\bin\mysqld-nt.exe: Shutdown complete

141013  8:37:51 [Note] D:\Program Files (x86)\PHPnow-1.5.6\MySQL-5.0.90\bin\mysqld-nt.exe: ready for connections.
Version: '5.0.90-community-nt'  socket: ''  port: 3306  MySQL Community Edition (GPL)
141013 17:03:30 [Note] D:\Program Files (x86)\PHPnow-1.5.6\MySQL-5.0.90\bin\mysqld-nt.exe: Normal shutdown

141013 17:03:31 [Note] D:\Program Files (x86)\PHPnow-1.5.6\MySQL-5.0.90\bin\mysqld-nt.exe: Shutdown complete

141014  8:30:26 [Note] D:\Program Files (x86)\PHPnow-1.5.6\MySQL-5.0.90\bin\mysqld-nt.exe: ready for connections.
Version: '5.0.90-community-nt'  socket: ''  port: 3306  MySQL Community Edition (GPL)
141014 17:03:07 [Note] D:\Program Files (x86)\PHPnow-1.5.6\MySQL-5.0.90\bin\mysqld-nt.exe: Normal shutdown

141014 17:03:08 [Note] D:\Program Files (x86)\PHPnow-1.5.6\MySQL-5.0.90\bin\mysqld-nt.exe: Shutdown complete

141015  8:32:41 [Note] D:\Program Files (x86)\PHPnow-1.5.6\MySQL-5.0.90\bin\mysqld-nt.exe: ready for connections.
Version: '5.0.90-community-nt'  socket: ''  port: 3306  MySQL Community Edition (GPL)
141015 17:04:14 [Note] D:\Program Files (x86)\PHPnow-1.5.6\MySQL-5.0.90\bin\mysqld-nt.exe: Normal shutdown

141015 17:04:14 [Note] D:\Program Files (x86)\PHPnow-1.5.6\MySQL-5.0.90\bin\mysqld-nt.exe: Shutdown complete

141016  8:30:22 [Note] D:\Program Files (x86)\PHPnow-1.5.6\MySQL-5.0.90\bin\mysqld-nt.exe: ready for connections.
Version: '5.0.90-community-nt'  socket: ''  port: 3306  MySQL Community Edition (GPL)
141017 15:04:32 [Note] D:\Program Files (x86)\PHPnow-1.5.6\MySQL-5.0.90\bin\mysqld-nt.exe: Normal shutdown

141017 15:04:33 [Note] D:\Program Files (x86)\PHPnow-1.5.6\MySQL-5.0.90\bin\mysqld-nt.exe: Shutdown complete

141020  8:35:09 [Note] D:\Program Files (x86)\PHPnow-1.5.6\MySQL-5.0.90\bin\mysqld-nt.exe: ready for connections.
Version: '5.0.90-community-nt'  socket: ''  port: 3306  MySQL Community Edition (GPL)
141020 17:04:25 [Note] D:\Program Files (x86)\PHPnow-1.5.6\MySQL-5.0.90\bin\mysqld-nt.exe: Normal shutdown

141020 17:04:26 [Note] D:\Program Files (x86)\PHPnow-1.5.6\MySQL-5.0.90\bin\mysqld-nt.exe: Shutdown complete

141021  8:34:02 [Note] D:\Program Files (x86)\PHPnow-1.5.6\MySQL-5.0.90\bin\mysqld-nt.exe: ready for connections.
Version: '5.0.90-community-nt'  socket: ''  port: 3306  MySQL Community Edition (GPL)
141021 17:05:19 [Note] D:\Program Files (x86)\PHPnow-1.5.6\MySQL-5.0.90\bin\mysqld-nt.exe: Normal shutdown

141021 17:05:21 [Note] D:\Program Files (x86)\PHPnow-1.5.6\MySQL-5.0.90\bin\mysqld-nt.exe: Shutdown complete

141022  8:33:06 [Note] D:\Program Files (x86)\PHPnow-1.5.6\MySQL-5.0.90\bin\mysqld-nt.exe: ready for connections.
Version: '5.0.90-community-nt'  socket: ''  port: 3306  MySQL Community Edition (GPL)
141022 17:04:23 [Note] D:\Program Files (x86)\PHPnow-1.5.6\MySQL-5.0.90\bin\mysqld-nt.exe: Normal shutdown

141022 17:04:25 [Note] D:\Program Files (x86)\PHPnow-1.5.6\MySQL-5.0.90\bin\mysqld-nt.exe: Shutdown complete

141023  8:32:08 [Note] D:\Program Files (x86)\PHPnow-1.5.6\MySQL-5.0.90\bin\mysqld-nt.exe: ready for connections.
Version: '5.0.90-community-nt'  socket: ''  port: 3306  MySQL Community Edition (GPL)
141023 17:04:44 [Note] D:\Program Files (x86)\PHPnow-1.5.6\MySQL-5.0.90\bin\mysqld-nt.exe: Normal shutdown

141024  9:59:57 [Note] D:\Program Files (x86)\PHPnow-1.5.6\MySQL-5.0.90\bin\mysqld-nt.exe: ready for connections.
Version: '5.0.90-community-nt'  socket: ''  port: 3306  MySQL Community Edition (GPL)
141024 18:26:51 [Note] D:\Program Files (x86)\PHPnow-1.5.6\MySQL-5.0.90\bin\mysqld-nt.exe: Normal shutdown

141024 18:26:51 [Note] D:\Program Files (x86)\PHPnow-1.5.6\MySQL-5.0.90\bin\mysqld-nt.exe: Shutdown complete

141027  8:35:07 [Note] D:\Program Files (x86)\PHPnow-1.5.6\MySQL-5.0.90\bin\mysqld-nt.exe: ready for connections.
Version: '5.0.90-community-nt'  socket: ''  port: 3306  MySQL Community Edition (GPL)
141027 17:04:11 [Note] D:\Program Files (x86)\PHPnow-1.5.6\MySQL-5.0.90\bin\mysqld-nt.exe: Normal shutdown

141027 17:04:12 [Note] D:\Program Files (x86)\PHPnow-1.5.6\MySQL-5.0.90\bin\mysqld-nt.exe: Shutdown complete

141028  8:28:54 [Note] D:\Program Files (x86)\PHPnow-1.5.6\MySQL-5.0.90\bin\mysqld-nt.exe: ready for connections.
Version: '5.0.90-community-nt'  socket: ''  port: 3306  MySQL Community Edition (GPL)
141028 17:05:00 [Note] D:\Program Files (x86)\PHPnow-1.5.6\MySQL-5.0.90\bin\mysqld-nt.exe: Normal shutdown

141028 17:05:01 [Note] D:\Program Files (x86)\PHPnow-1.5.6\MySQL-5.0.90\bin\mysqld-nt.exe: Shutdown complete

141029  8:38:22 [Note] D:\Program Files (x86)\PHPnow-1.5.6\MySQL-5.0.90\bin\mysqld-nt.exe: ready for connections.
Version: '5.0.90-community-nt'  socket: ''  port: 3306  MySQL Community Edition (GPL)
141029 17:05:26 [Note] D:\Program Files (x86)\PHPnow-1.5.6\MySQL-5.0.90\bin\mysqld-nt.exe: Normal shutdown

141029 17:05:28 [Note] D:\Program Files (x86)\PHPnow-1.5.6\MySQL-5.0.90\bin\mysqld-nt.exe: Shutdown complete

141030  8:33:09 [Note] D:\Program Files (x86)\PHPnow-1.5.6\MySQL-5.0.90\bin\mysqld-nt.exe: ready for connections.
Version: '5.0.90-community-nt'  socket: ''  port: 3306  MySQL Community Edition (GPL)
141030 17:03:31 [Note] D:\Program Files (x86)\PHPnow-1.5.6\MySQL-5.0.90\bin\mysqld-nt.exe: Normal shutdown

141030 17:03:33 [Note] D:\Program Files (x86)\PHPnow-1.5.6\MySQL-5.0.90\bin\mysqld-nt.exe: Shutdown complete

141031  8:35:45 [Note] D:\Program Files (x86)\PHPnow-1.5.6\MySQL-5.0.90\bin\mysqld-nt.exe: ready for connections.
Version: '5.0.90-community-nt'  socket: ''  port: 3306  MySQL Community Edition (GPL)
141031 17:03:03 [Note] D:\Program Files (x86)\PHPnow-1.5.6\MySQL-5.0.90\bin\mysqld-nt.exe: Normal shutdown

141031 17:03:05 [Note] D:\Program Files (x86)\PHPnow-1.5.6\MySQL-5.0.90\bin\mysqld-nt.exe: Shutdown complete

141103  8:34:15 [Note] D:\Program Files (x86)\PHPnow-1.5.6\MySQL-5.0.90\bin\mysqld-nt.exe: ready for connections.
Version: '5.0.90-community-nt'  socket: ''  port: 3306  MySQL Community Edition (GPL)
141103 17:04:50 [Note] D:\Program Files (x86)\PHPnow-1.5.6\MySQL-5.0.90\bin\mysqld-nt.exe: Normal shutdown

141103 17:04:50 [Note] D:\Program Files (x86)\PHPnow-1.5.6\MySQL-5.0.90\bin\mysqld-nt.exe: Shutdown complete

141104  8:36:13 [Note] D:\Program Files (x86)\PHPnow-1.5.6\MySQL-5.0.90\bin\mysqld-nt.exe: ready for connections.
Version: '5.0.90-community-nt'  socket: ''  port: 3306  MySQL Community Edition (GPL)
141104 15:17:34 [Note] D:\Program Files (x86)\PHPnow-1.5.6\MySQL-5.0.90\bin\mysqld-nt.exe: Normal shutdown

141104 15:17:35 [Note] D:\Program Files (x86)\PHPnow-1.5.6\MySQL-5.0.90\bin\mysqld-nt.exe: Shutdown complete

141105  8:32:52 [Note] D:\Program Files (x86)\PHPnow-1.5.6\MySQL-5.0.90\bin\mysqld-nt.exe: ready for connections.
Version: '5.0.90-community-nt'  socket: ''  port: 3306  MySQL Community Edition (GPL)
141105 17:03:32 [Note] D:\Program Files (x86)\PHPnow-1.5.6\MySQL-5.0.90\bin\mysqld-nt.exe: Normal shutdown

141105 17:03:33 [Note] D:\Program Files (x86)\PHPnow-1.5.6\MySQL-5.0.90\bin\mysqld-nt.exe: Shutdown complete

141106  8:34:16 [Note] D:\Program Files (x86)\PHPnow-1.5.6\MySQL-5.0.90\bin\mysqld-nt.exe: ready for connections.
Version: '5.0.90-community-nt'  socket: ''  port: 3306  MySQL Community Edition (GPL)
141106 17:03:45 [Note] D:\Program Files (x86)\PHPnow-1.5.6\MySQL-5.0.90\bin\mysqld-nt.exe: Normal shutdown

141106 17:03:46 [Note] D:\Program Files (x86)\PHPnow-1.5.6\MySQL-5.0.90\bin\mysqld-nt.exe: Shutdown complete

141107  8:34:50 [Note] D:\Program Files (x86)\PHPnow-1.5.6\MySQL-5.0.90\bin\mysqld-nt.exe: ready for connections.
Version: '5.0.90-community-nt'  socket: ''  port: 3306  MySQL Community Edition (GPL)
141107 17:05:54 [Note] D:\Program Files (x86)\PHPnow-1.5.6\MySQL-5.0.90\bin\mysqld-nt.exe: Normal shutdown

141107 17:05:55 [Note] D:\Program Files (x86)\PHPnow-1.5.6\MySQL-5.0.90\bin\mysqld-nt.exe: Shutdown complete

141110  8:31:58 [Note] D:\Program Files (x86)\PHPnow-1.5.6\MySQL-5.0.90\bin\mysqld-nt.exe: ready for connections.
Version: '5.0.90-community-nt'  socket: ''  port: 3306  MySQL Community Edition (GPL)
141110 17:04:04 [Note] D:\Program Files (x86)\PHPnow-1.5.6\MySQL-5.0.90\bin\mysqld-nt.exe: Normal shutdown

141110 17:04:05 [Note] D:\Program Files (x86)\PHPnow-1.5.6\MySQL-5.0.90\bin\mysqld-nt.exe: Shutdown complete

141111  8:34:19 [Note] D:\Program Files (x86)\PHPnow-1.5.6\MySQL-5.0.90\bin\mysqld-nt.exe: ready for connections.
Version: '5.0.90-community-nt'  socket: ''  port: 3306  MySQL Community Edition (GPL)
141111 17:03:09 [Note] D:\Program Files (x86)\PHPnow-1.5.6\MySQL-5.0.90\bin\mysqld-nt.exe: Normal shutdown

141111 17:03:10 [Note] D:\Program Files (x86)\PHPnow-1.5.6\MySQL-5.0.90\bin\mysqld-nt.exe: Shutdown complete

141112  8:32:24 [Note] D:\Program Files (x86)\PHPnow-1.5.6\MySQL-5.0.90\bin\mysqld-nt.exe: ready for connections.
Version: '5.0.90-community-nt'  socket: ''  port: 3306  MySQL Community Edition (GPL)
141112 17:01:29 [Note] D:\Program Files (x86)\PHPnow-1.5.6\MySQL-5.0.90\bin\mysqld-nt.exe: Normal shutdown

141112 17:01:30 [Note] D:\Program Files (x86)\PHPnow-1.5.6\MySQL-5.0.90\bin\mysqld-nt.exe: Shutdown complete

141113  8:35:31 [Note] D:\Program Files (x86)\PHPnow-1.5.6\MySQL-5.0.90\bin\mysqld-nt.exe: ready for connections.
Version: '5.0.90-community-nt'  socket: ''  port: 3306  MySQL Community Edition (GPL)
141113 17:04:03 [Note] D:\Program Files (x86)\PHPnow-1.5.6\MySQL-5.0.90\bin\mysqld-nt.exe: Normal shutdown

141113 17:04:05 [Note] D:\Program Files (x86)\PHPnow-1.5.6\MySQL-5.0.90\bin\mysqld-nt.exe: Shutdown complete

141114  8:32:20 [Note] D:\Program Files (x86)\PHPnow-1.5.6\MySQL-5.0.90\bin\mysqld-nt.exe: ready for connections.
Version: '5.0.90-community-nt'  socket: ''  port: 3306  MySQL Community Edition (GPL)
141114 14:31:34 [Note] D:\Program Files (x86)\PHPnow-1.5.6\MySQL-5.0.90\bin\mysqld-nt.exe: Normal shutdown

141114 14:31:35 [Note] D:\Program Files (x86)\PHPnow-1.5.6\MySQL-5.0.90\bin\mysqld-nt.exe: Shutdown complete

141114 14:32:38 [Note] D:\Program Files (x86)\PHPnow-1.5.6\MySQL-5.0.90\bin\mysqld-nt.exe: ready for connections.
Version: '5.0.90-community-nt'  socket: ''  port: 3306  MySQL Community Edition (GPL)
141114 17:05:24 [Note] D:\Program Files (x86)\PHPnow-1.5.6\MySQL-5.0.90\bin\mysqld-nt.exe: Normal shutdown

141114 17:05:25 [Note] D:\Program Files (x86)\PHPnow-1.5.6\MySQL-5.0.90\bin\mysqld-nt.exe: Shutdown complete

141117  8:34:34 [Note] D:\Program Files (x86)\PHPnow-1.5.6\MySQL-5.0.90\bin\mysqld-nt.exe: ready for connections.
Version: '5.0.90-community-nt'  socket: ''  port: 3306  MySQL Community Edition (GPL)
141117 17:04:38 [Note] D:\Program Files (x86)\PHPnow-1.5.6\MySQL-5.0.90\bin\mysqld-nt.exe: Normal shutdown

141117 17:04:39 [Note] D:\Program Files (x86)\PHPnow-1.5.6\MySQL-5.0.90\bin\mysqld-nt.exe: Shutdown complete

141118  8:35:41 [Note] D:\Program Files (x86)\PHPnow-1.5.6\MySQL-5.0.90\bin\mysqld-nt.exe: ready for connections.
Version: '5.0.90-community-nt'  socket: ''  port: 3306  MySQL Community Edition (GPL)
141118 10:10:07 [Note] D:\Program Files (x86)\PHPnow-1.5.6\MySQL-5.0.90\bin\mysqld-nt.exe: Normal shutdown

141118 10:10:10 [Note] D:\Program Files (x86)\PHPnow-1.5.6\MySQL-5.0.90\bin\mysqld-nt.exe: Shutdown complete

141118 10:11:08 [Note] D:\Program Files (x86)\PHPnow-1.5.6\MySQL-5.0.90\bin\mysqld-nt.exe: ready for connections.
Version: '5.0.90-community-nt'  socket: ''  port: 3306  MySQL Community Edition (GPL)
141118 17:03:43 [Note] D:\Program Files (x86)\PHPnow-1.5.6\MySQL-5.0.90\bin\mysqld-nt.exe: Normal shutdown

141118 17:03:46 [Note] D:\Program Files (x86)\PHPnow-1.5.6\MySQL-5.0.90\bin\mysqld-nt.exe: Shutdown complete

141119  8:38:09 [Note] D:\Program Files (x86)\PHPnow-1.5.6\MySQL-5.0.90\bin\mysqld-nt.exe: ready for connections.
Version: '5.0.90-community-nt'  socket: ''  port: 3306  MySQL Community Edition (GPL)
141119 10:16:53 [Note] D:\Program Files (x86)\PHPnow-1.5.6\MySQL-5.0.90\bin\mysqld-nt.exe: Normal shutdown

141119 10:16:55 [Note] D:\Program Files (x86)\PHPnow-1.5.6\MySQL-5.0.90\bin\mysqld-nt.exe: Shutdown complete

141119 10:18:13 [Note] D:\Program Files (x86)\PHPnow-1.5.6\MySQL-5.0.90\bin\mysqld-nt.exe: ready for connections.
Version: '5.0.90-community-nt'  socket: ''  port: 3306  MySQL Community Edition (GPL)
141119 10:26:13 [Note] D:\Program Files (x86)\PHPnow-1.5.6\MySQL-5.0.90\bin\mysqld-nt.exe: Normal shutdown

141119 10:26:13 [Note] D:\Program Files (x86)\PHPnow-1.5.6\MySQL-5.0.90\bin\mysqld-nt.exe: Shutdown complete

141119 10:27:26 [Note] D:\Program Files (x86)\PHPnow-1.5.6\MySQL-5.0.90\bin\mysqld-nt.exe: ready for connections.
Version: '5.0.90-community-nt'  socket: ''  port: 3306  MySQL Community Edition (GPL)
141119 12:09:42 [Note] D:\Program Files (x86)\PHPnow-1.5.6\MySQL-5.0.90\bin\mysqld-nt.exe: Normal shutdown

141119 12:09:42 [Note] D:\Program Files (x86)\PHPnow-1.5.6\MySQL-5.0.90\bin\mysqld-nt.exe: Shutdown complete

141119 12:11:04 [Note] D:\Program Files (x86)\PHPnow-1.5.6\MySQL-5.0.90\bin\mysqld-nt.exe: ready for connections.
Version: '5.0.90-community-nt'  socket: ''  port: 3306  MySQL Community Edition (GPL)
141119 17:04:47 [Note] D:\Program Files (x86)\PHPnow-1.5.6\MySQL-5.0.90\bin\mysqld-nt.exe: Normal shutdown

141119 17:04:47 [Note] D:\Program Files (x86)\PHPnow-1.5.6\MySQL-5.0.90\bin\mysqld-nt.exe: Shutdown complete

141120  8:36:44 [Note] D:\Program Files (x86)\PHPnow-1.5.6\MySQL-5.0.90\bin\mysqld-nt.exe: ready for connections.
Version: '5.0.90-community-nt'  socket: ''  port: 3306  MySQL Community Edition (GPL)
141120 13:06:30 [Note] D:\Program Files (x86)\PHPnow-1.5.6\MySQL-5.0.90\bin\mysqld-nt.exe: Normal shutdown

141120 13:06:32 [Note] D:\Program Files (x86)\PHPnow-1.5.6\MySQL-5.0.90\bin\mysqld-nt.exe: Shutdown complete

141120 13:08:40 [Note] D:\Program Files (x86)\PHPnow-1.5.6\MySQL-5.0.90\bin\mysqld-nt.exe: ready for connections.
Version: '5.0.90-community-nt'  socket: ''  port: 3306  MySQL Community Edition (GPL)
141120 17:05:05 [Note] D:\Program Files (x86)\PHPnow-1.5.6\MySQL-5.0.90\bin\mysqld-nt.exe: Normal shutdown

141120 17:05:06 [Note] D:\Program Files (x86)\PHPnow-1.5.6\MySQL-5.0.90\bin\mysqld-nt.exe: Shutdown complete

141121  8:37:07 [Note] D:\Program Files (x86)\PHPnow-1.5.6\MySQL-5.0.90\bin\mysqld-nt.exe: ready for connections.
Version: '5.0.90-community-nt'  socket: ''  port: 3306  MySQL Community Edition (GPL)
141121 17:01:21 [Note] D:\Program Files (x86)\PHPnow-1.5.6\MySQL-5.0.90\bin\mysqld-nt.exe: Normal shutdown

141121 17:01:22 [Note] D:\Program Files (x86)\PHPnow-1.5.6\MySQL-5.0.90\bin\mysqld-nt.exe: Shutdown complete

141124  8:35:41 [Note] D:\Program Files (x86)\PHPnow-1.5.6\MySQL-5.0.90\bin\mysqld-nt.exe: ready for connections.
Version: '5.0.90-community-nt'  socket: ''  port: 3306  MySQL Community Edition (GPL)
141124 11:36:17 [Note] D:\Program Files (x86)\PHPnow-1.5.6\MySQL-5.0.90\bin\mysqld-nt.exe: Normal shutdown

141124 11:36:18 [Note] D:\Program Files (x86)\PHPnow-1.5.6\MySQL-5.0.90\bin\mysqld-nt.exe: Shutdown complete

141124 11:37:17 [Note] D:\Program Files (x86)\PHPnow-1.5.6\MySQL-5.0.90\bin\mysqld-nt.exe: ready for connections.
Version: '5.0.90-community-nt'  socket: ''  port: 3306  MySQL Community Edition (GPL)
141124 17:05:15 [Note] D:\Program Files (x86)\PHPnow-1.5.6\MySQL-5.0.90\bin\mysqld-nt.exe: Normal shutdown

141124 17:05:15 [Note] D:\Program Files (x86)\PHPnow-1.5.6\MySQL-5.0.90\bin\mysqld-nt.exe: Shutdown complete

141125  8:39:46 [Note] D:\Program Files (x86)\PHPnow-1.5.6\MySQL-5.0.90\bin\mysqld-nt.exe: ready for connections.
Version: '5.0.90-community-nt'  socket: ''  port: 3306  MySQL Community Edition (GPL)
141125 17:05:28 [Note] D:\Program Files (x86)\PHPnow-1.5.6\MySQL-5.0.90\bin\mysqld-nt.exe: Normal shutdown

141125 17:05:29 [Note] D:\Program Files (x86)\PHPnow-1.5.6\MySQL-5.0.90\bin\mysqld-nt.exe: Shutdown complete

141126  8:33:37 [Note] D:\Program Files (x86)\PHPnow-1.5.6\MySQL-5.0.90\bin\mysqld-nt.exe: ready for connections.
Version: '5.0.90-community-nt'  socket: ''  port: 3306  MySQL Community Edition (GPL)
141126 17:06:26 [Note] D:\Program Files (x86)\PHPnow-1.5.6\MySQL-5.0.90\bin\mysqld-nt.exe: Normal shutdown

141126 17:06:27 [Note] D:\Program Files (x86)\PHPnow-1.5.6\MySQL-5.0.90\bin\mysqld-nt.exe: Shutdown complete

141127  8:32:50 [Note] D:\Program Files (x86)\PHPnow-1.5.6\MySQL-5.0.90\bin\mysqld-nt.exe: ready for connections.
Version: '5.0.90-community-nt'  socket: ''  port: 3306  MySQL Community Edition (GPL)
141127 17:02:52 [Note] D:\Program Files (x86)\PHPnow-1.5.6\MySQL-5.0.90\bin\mysqld-nt.exe: Normal shutdown

141127 17:02:54 [Note] D:\Program Files (x86)\PHPnow-1.5.6\MySQL-5.0.90\bin\mysqld-nt.exe: Shutdown complete

141128  8:34:51 [Note] D:\Program Files (x86)\PHPnow-1.5.6\MySQL-5.0.90\bin\mysqld-nt.exe: ready for connections.
Version: '5.0.90-community-nt'  socket: ''  port: 3306  MySQL Community Edition (GPL)
141128 17:02:08 [Note] D:\Program Files (x86)\PHPnow-1.5.6\MySQL-5.0.90\bin\mysqld-nt.exe: Normal shutdown

141128 17:02:10 [Note] D:\Program Files (x86)\PHPnow-1.5.6\MySQL-5.0.90\bin\mysqld-nt.exe: Shutdown complete

141201  8:37:37 [Note] D:\Program Files (x86)\PHPnow-1.5.6\MySQL-5.0.90\bin\mysqld-nt.exe: ready for connections.
Version: '5.0.90-community-nt'  socket: ''  port: 3306  MySQL Community Edition (GPL)
141201 17:06:55 [Note] D:\Program Files (x86)\PHPnow-1.5.6\MySQL-5.0.90\bin\mysqld-nt.exe: Normal shutdown

141201 17:06:57 [Note] D:\Program Files (x86)\PHPnow-1.5.6\MySQL-5.0.90\bin\mysqld-nt.exe: Shutdown complete

141202  8:39:23 [Note] D:\Program Files (x86)\PHPnow-1.5.6\MySQL-5.0.90\bin\mysqld-nt.exe: ready for connections.
Version: '5.0.90-community-nt'  socket: ''  port: 3306  MySQL Community Edition (GPL)
141202 14:59:28 [Note] D:\Program Files (x86)\PHPnow-1.5.6\MySQL-5.0.90\bin\mysqld-nt.exe: Normal shutdown

141202 14:59:29 [Note] D:\Program Files (x86)\PHPnow-1.5.6\MySQL-5.0.90\bin\mysqld-nt.exe: Shutdown complete

141202 15:00:34 [Note] D:\Program Files (x86)\PHPnow-1.5.6\MySQL-5.0.90\bin\mysqld-nt.exe: ready for connections.
Version: '5.0.90-community-nt'  socket: ''  port: 3306  MySQL Community Edition (GPL)
141202 17:05:07 [Note] D:\Program Files (x86)\PHPnow-1.5.6\MySQL-5.0.90\bin\mysqld-nt.exe: Normal shutdown

141202 17:05:08 [Note] D:\Program Files (x86)\PHPnow-1.5.6\MySQL-5.0.90\bin\mysqld-nt.exe: Shutdown complete

141203  8:34:23 [Note] D:\Program Files (x86)\PHPnow-1.5.6\MySQL-5.0.90\bin\mysqld-nt.exe: ready for connections.
Version: '5.0.90-community-nt'  socket: ''  port: 3306  MySQL Community Edition (GPL)
141203  9:24:32 [Note] D:\Program Files (x86)\PHPnow-1.5.6\MySQL-5.0.90\bin\mysqld-nt.exe: Normal shutdown

141203  9:24:32 [Note] D:\Program Files (x86)\PHPnow-1.5.6\MySQL-5.0.90\bin\mysqld-nt.exe: Shutdown complete

141203  9:26:55 [Note] D:\Program Files (x86)\PHPnow-1.5.6\MySQL-5.0.90\bin\mysqld-nt.exe: ready for connections.
Version: '5.0.90-community-nt'  socket: ''  port: 3306  MySQL Community Edition (GPL)
141203 15:00:34 [Note] D:\Program Files (x86)\PHPnow-1.5.6\MySQL-5.0.90\bin\mysqld-nt.exe: Normal shutdown

141203 15:00:34 [Note] D:\Program Files (x86)\PHPnow-1.5.6\MySQL-5.0.90\bin\mysqld-nt.exe: Shutdown complete

141203 15:01:38 [Note] D:\Program Files (x86)\PHPnow-1.5.6\MySQL-5.0.90\bin\mysqld-nt.exe: ready for connections.
Version: '5.0.90-community-nt'  socket: ''  port: 3306  MySQL Community Edition (GPL)
141203 17:06:02 [Note] D:\Program Files (x86)\PHPnow-1.5.6\MySQL-5.0.90\bin\mysqld-nt.exe: Normal shutdown

141203 17:06:02 [Note] D:\Program Files (x86)\PHPnow-1.5.6\MySQL-5.0.90\bin\mysqld-nt.exe: Shutdown complete

141204  8:41:21 [Note] D:\Program Files (x86)\PHPnow-1.5.6\MySQL-5.0.90\bin\mysqld-nt.exe: ready for connections.
Version: '5.0.90-community-nt'  socket: ''  port: 3306  MySQL Community Edition (GPL)
141204 14:33:30 [Note] D:\Program Files (x86)\PHPnow-1.5.6\MySQL-5.0.90\bin\mysqld-nt.exe: Normal shutdown

141204 14:33:33 [Note] D:\Program Files (x86)\PHPnow-1.5.6\MySQL-5.0.90\bin\mysqld-nt.exe: Shutdown complete

141204 14:34:40 [Note] D:\Program Files (x86)\PHPnow-1.5.6\MySQL-5.0.90\bin\mysqld-nt.exe: ready for connections.
Version: '5.0.90-community-nt'  socket: ''  port: 3306  MySQL Community Edition (GPL)
141204 17:05:47 [Note] D:\Program Files (x86)\PHPnow-1.5.6\MySQL-5.0.90\bin\mysqld-nt.exe: Normal shutdown

141204 17:05:48 [Note] D:\Program Files (x86)\PHPnow-1.5.6\MySQL-5.0.90\bin\mysqld-nt.exe: Shutdown complete

141205  8:37:44 [Note] D:\Program Files (x86)\PHPnow-1.5.6\MySQL-5.0.90\bin\mysqld-nt.exe: ready for connections.
Version: '5.0.90-community-nt'  socket: ''  port: 3306  MySQL Community Edition (GPL)
141205 17:07:00 [Note] D:\Program Files (x86)\PHPnow-1.5.6\MySQL-5.0.90\bin\mysqld-nt.exe: Normal shutdown

141205 17:07:02 [Note] D:\Program Files (x86)\PHPnow-1.5.6\MySQL-5.0.90\bin\mysqld-nt.exe: Shutdown complete

141208  8:37:35 [Note] D:\Program Files (x86)\PHPnow-1.5.6\MySQL-5.0.90\bin\mysqld-nt.exe: ready for connections.
Version: '5.0.90-community-nt'  socket: ''  port: 3306  MySQL Community Edition (GPL)
141208 17:06:39 [Note] D:\Program Files (x86)\PHPnow-1.5.6\MySQL-5.0.90\bin\mysqld-nt.exe: Normal shutdown

141208 17:06:41 [Note] D:\Program Files (x86)\PHPnow-1.5.6\MySQL-5.0.90\bin\mysqld-nt.exe: Shutdown complete

141209  8:30:09 [Note] D:\Program Files (x86)\PHPnow-1.5.6\MySQL-5.0.90\bin\mysqld-nt.exe: ready for connections.
Version: '5.0.90-community-nt'  socket: ''  port: 3306  MySQL Community Edition (GPL)
141209 17:04:45 [Note] D:\Program Files (x86)\PHPnow-1.5.6\MySQL-5.0.90\bin\mysqld-nt.exe: Normal shutdown

141209 17:04:48 [Note] D:\Program Files (x86)\PHPnow-1.5.6\MySQL-5.0.90\bin\mysqld-nt.exe: Shutdown complete

141210  8:33:28 [Note] D:\Program Files (x86)\PHPnow-1.5.6\MySQL-5.0.90\bin\mysqld-nt.exe: ready for connections.
Version: '5.0.90-community-nt'  socket: ''  port: 3306  MySQL Community Edition (GPL)
141210 17:05:59 [Note] D:\Program Files (x86)\PHPnow-1.5.6\MySQL-5.0.90\bin\mysqld-nt.exe: Normal shutdown

141210 17:06:00 [Note] D:\Program Files (x86)\PHPnow-1.5.6\MySQL-5.0.90\bin\mysqld-nt.exe: Shutdown complete

141211  8:31:49 [Note] D:\Program Files (x86)\PHPnow-1.5.6\MySQL-5.0.90\bin\mysqld-nt.exe: ready for connections.
Version: '5.0.90-community-nt'  socket: ''  port: 3306  MySQL Community Edition (GPL)
141211 17:01:10 [Note] D:\Program Files (x86)\PHPnow-1.5.6\MySQL-5.0.90\bin\mysqld-nt.exe: Normal shutdown

141211 17:01:11 [Note] D:\Program Files (x86)\PHPnow-1.5.6\MySQL-5.0.90\bin\mysqld-nt.exe: Shutdown complete

141212  8:41:41 [Note] D:\Program Files (x86)\PHPnow-1.5.6\MySQL-5.0.90\bin\mysqld-nt.exe: ready for connections.
Version: '5.0.90-community-nt'  socket: ''  port: 3306  MySQL Community Edition (GPL)
141212 17:02:58 [Note] D:\Program Files (x86)\PHPnow-1.5.6\MySQL-5.0.90\bin\mysqld-nt.exe: Normal shutdown

141215  8:30:22 [Note] D:\Program Files (x86)\PHPnow-1.5.6\MySQL-5.0.90\bin\mysqld-nt.exe: ready for connections.
Version: '5.0.90-community-nt'  socket: ''  port: 3306  MySQL Community Edition (GPL)
141215 17:02:22 [Note] D:\Program Files (x86)\PHPnow-1.5.6\MySQL-5.0.90\bin\mysqld-nt.exe: Normal shutdown

141215 17:02:23 [Note] D:\Program Files (x86)\PHPnow-1.5.6\MySQL-5.0.90\bin\mysqld-nt.exe: Shutdown complete

141216  8:35:29 [Note] D:\Program Files (x86)\PHPnow-1.5.6\MySQL-5.0.90\bin\mysqld-nt.exe: ready for connections.
Version: '5.0.90-community-nt'  socket: ''  port: 3306  MySQL Community Edition (GPL)
141216 17:06:44 [Note] D:\Program Files (x86)\PHPnow-1.5.6\MySQL-5.0.90\bin\mysqld-nt.exe: Normal shutdown

141216 17:06:45 [Note] D:\Program Files (x86)\PHPnow-1.5.6\MySQL-5.0.90\bin\mysqld-nt.exe: Shutdown complete

141217  8:37:23 [Note] D:\Program Files (x86)\PHPnow-1.5.6\MySQL-5.0.90\bin\mysqld-nt.exe: ready for connections.
Version: '5.0.90-community-nt'  socket: ''  port: 3306  MySQL Community Edition (GPL)
141217 17:03:56 [Note] D:\Program Files (x86)\PHPnow-1.5.6\MySQL-5.0.90\bin\mysqld-nt.exe: Normal shutdown

141217 17:03:58 [Note] D:\Program Files (x86)\PHPnow-1.5.6\MySQL-5.0.90\bin\mysqld-nt.exe: Shutdown complete

141218  8:36:55 [Note] D:\Program Files (x86)\PHPnow-1.5.6\MySQL-5.0.90\bin\mysqld-nt.exe: ready for connections.
Version: '5.0.90-community-nt'  socket: ''  port: 3306  MySQL Community Edition (GPL)
